2026-02-12 02:43:34 | INFO     | preprocess.logger:setup_logging:66 | 日志系统已初始化，日志级别: INFO，日志目录: /home/chen/punchy/CAD_knowledge_service/logs
2026-02-12 02:51:12 | INFO     | main:add_process_time_header:85 | request started: POST http://127.0.0.1:8008/upload-and-process
2026-02-12 02:51:47 | INFO     | main:upload_and_process_cad:580 | upload request received: file_count=1
2026-02-12 02:52:22 | INFO     | main:upload_and_process_cad:600 | read file: output_20260212_024656_441.png, size=148866 bytes
2026-02-12 02:57:01 | INFO     | preprocess.logger:setup_logging:66 | 日志系统已初始化，日志级别: INFO，日志目录: /home/chen/punchy/CAD_knowledge_service/logs
2026-02-12 02:57:14 | INFO     | main:add_process_time_header:85 | request started: POST http://127.0.0.1:8008/upload-and-process
2026-02-12 02:57:22 | INFO     | main:upload_and_process_cad:580 | upload request received: file_count=1
2026-02-12 02:57:35 | INFO     | main:upload_and_process_cad:600 | read file: output_20260212_025358_735.png, size=148866 bytes
2026-02-12 03:01:52 | INFO     | preprocess.logger:setup_logging:66 | 日志系统已初始化，日志级别: INFO，日志目录: /home/chen/punchy/CAD_knowledge_service/logs
2026-02-12 03:05:19 | INFO     | preprocess.logger:setup_logging:66 | 日志系统已初始化，日志级别: INFO，日志目录: /home/chen/punchy/CAD_knowledge_service/logs
2026-02-12 03:06:37 | INFO     | main:add_process_time_header:85 | request started: POST http://127.0.0.1:8008/upload-and-process
2026-02-12 03:06:49 | INFO     | main:upload_and_process_cad:580 | upload request received: file_count=1
2026-02-12 03:07:04 | INFO     | main:upload_and_process_cad:600 | read file: output_20260212_030304_085.png, size=148866 bytes
2026-02-12 03:07:49 | INFO     | main:upload_and_process_cad:612 | using custom CAD parameters
2026-02-12 03:08:08 | INFO     | preprocess.cad_service:process_uploaded_files:164 | 开始处理上传的文件，共 1 个文件
2026-02-12 03:08:15 | DEBUG    | preprocess.cad_service:save_uploaded_files:134 | 保存上传文件: /tmp/cad_upload_kvrogzbw/output_20260212_030304_085.png
2026-02-12 03:08:37 | ERROR    | preprocess.cad_service:process_uploaded_files:235 | 处理上传文件时发生异常: 'CADParams' object has no attribute 'originx'
2026-02-12 03:08:37 | ERROR    | preprocess.cad_service:process_uploaded_files:236 | 异常详情: AttributeError
2026-02-12 03:08:37 | DEBUG    | preprocess.cad_service:cleanup_temp_directory:151 | 清理临时目录: /tmp/cad_upload_kvrogzbw
2026-02-12 03:08:37 | INFO     | main:upload_and_process_cad:634 | CAD processing finished: success=0/0
2026-02-12 03:08:37 | INFO     | main:add_process_time_header:89 | request completed: POST http://127.0.0.1:8008/upload-and-process status=400 time=120.4503s
2026-02-12 03:08:37 | INFO     | main:add_process_time_header:85 | request started: POST http://127.0.0.1:8008/upload-and-process
2026-02-12 03:10:19 | INFO     | preprocess.logger:setup_logging:66 | 日志系统已初始化，日志级别: INFO，日志目录: /home/chen/punchy/CAD_knowledge_service/logs
2026-02-12 03:13:06 | INFO     | main:add_process_time_header:85 | request started: POST http://127.0.0.1:8008/upload-and-process
2026-02-12 03:13:06 | INFO     | main:upload_and_process_cad:580 | upload request received: file_count=1
2026-02-12 03:13:06 | INFO     | main:upload_and_process_cad:600 | read file: output_20260212_031129_985.png, size=148866 bytes
2026-02-12 03:13:06 | INFO     | main:upload_and_process_cad:612 | using custom CAD parameters
2026-02-12 03:13:06 | INFO     | preprocess.cad_service:process_uploaded_files:164 | 开始处理上传的文件，共 1 个文件
2026-02-12 03:13:06 | DEBUG    | preprocess.cad_service:save_uploaded_files:134 | 保存上传文件: /tmp/cad_upload_t1onr1zf/output_20260212_031129_985.png
2026-02-12 03:13:28 | DEBUG    | preprocess.cad_service:process_uploaded_files:186 | 使用CAD参数: {'Xmin': 18231.6485810557, 'Ymin': 24612.0565662624, 'Xmax': 43352.8985810557, 'Ymax': 69272.0565662624}
2026-02-12 03:13:38 | INFO     | preprocess.cad_service:process_uploaded_files:189 | 开始批量处理上传的图像...
2026-02-12 03:16:44 | INFO     | preprocess.cad_service:process_uploaded_files:202 | 批量处理完成: 1/1 个图像成功
2026-02-12 03:16:56 | INFO     | preprocess.cad_service:process_uploaded_files:220 | CAD处理成功: 提取了 18 个房间的坐标
2026-02-12 03:16:56 | DEBUG    | preprocess.cad_service:cleanup_temp_directory:151 | 清理临时目录: /tmp/cad_upload_t1onr1zf
2026-02-12 03:16:56 | INFO     | main:upload_and_process_cad:634 | CAD processing finished: success=1/1
2026-02-12 03:16:56 | INFO     | main:add_process_time_header:89 | request completed: POST http://127.0.0.1:8008/upload-and-process status=200 time=229.2482s
2026-02-12 03:16:56 | INFO     | main:add_process_time_header:85 | request started: POST http://127.0.0.1:8008/upload-and-process
2026-02-12 03:16:56 | INFO     | main:upload_and_process_cad:580 | upload request received: file_count=1
2026-02-12 03:16:56 | INFO     | main:upload_and_process_cad:600 | read file: output_20260212_031129_985.png, size=148866 bytes
2026-02-12 03:16:56 | INFO     | main:upload_and_process_cad:612 | using custom CAD parameters
2026-02-12 03:16:56 | INFO     | preprocess.cad_service:process_uploaded_files:164 | 开始处理上传的文件，共 1 个文件
2026-02-12 03:16:56 | DEBUG    | preprocess.cad_service:save_uploaded_files:134 | 保存上传文件: /tmp/cad_upload_4axn63j2/output_20260212_031129_985.png
2026-02-12 03:17:02 | DEBUG    | preprocess.cad_service:process_uploaded_files:186 | 使用CAD参数: {'Xmin': 18231.6485810557, 'Ymin': 24612.0565662624, 'Xmax': 43352.8985810557, 'Ymax': 69272.0565662624}
2026-02-12 03:17:02 | INFO     | preprocess.cad_service:process_uploaded_files:189 | 开始批量处理上传的图像...
2026-02-12 03:17:36 | INFO     | preprocess.cad_service:process_uploaded_files:202 | 批量处理完成: 1/1 个图像成功
2026-02-12 03:17:36 | INFO     | preprocess.cad_service:process_uploaded_files:220 | CAD处理成功: 提取了 18 个房间的坐标
2026-02-12 03:17:36 | DEBUG    | preprocess.cad_service:cleanup_temp_directory:151 | 清理临时目录: /tmp/cad_upload_4axn63j2
2026-02-12 03:17:36 | INFO     | main:upload_and_process_cad:634 | CAD processing finished: success=1/1
2026-02-12 03:17:36 | INFO     | main:add_process_time_header:89 | request completed: POST http://127.0.0.1:8008/upload-and-process status=200 time=40.7513s
2026-02-12 03:22:22 | INFO     | main:add_process_time_header:85 | request started: POST http://127.0.0.1:8008/upload-and-process
2026-02-12 03:22:22 | INFO     | main:upload_and_process_cad:580 | upload request received: file_count=1
2026-02-12 03:22:22 | INFO     | main:upload_and_process_cad:600 | read file: output_20260212_031129_985.png, size=148866 bytes
2026-02-12 03:22:22 | INFO     | main:upload_and_process_cad:612 | using custom CAD parameters
2026-02-12 03:22:22 | INFO     | preprocess.cad_service:process_uploaded_files:164 | 开始处理上传的文件，共 1 个文件
2026-02-12 03:22:22 | DEBUG    | preprocess.cad_service:save_uploaded_files:134 | 保存上传文件: /tmp/cad_upload_xue91b0l/output_20260212_031129_985.png
2026-02-12 03:22:22 | DEBUG    | preprocess.cad_service:process_uploaded_files:186 | 使用CAD参数: {'Xmin': 18231.6485810557, 'Ymin': 24612.0565662624, 'Xmax': 43352.8985810557, 'Ymax': 69272.0565662624}
2026-02-12 03:22:22 | INFO     | preprocess.cad_service:process_uploaded_files:189 | 开始批量处理上传的图像...
2026-02-12 03:22:57 | INFO     | preprocess.cad_service:process_uploaded_files:202 | 批量处理完成: 1/1 个图像成功
2026-02-12 03:22:57 | INFO     | preprocess.cad_service:process_uploaded_files:220 | CAD处理成功: 提取了 18 个房间的坐标
2026-02-12 03:22:57 | DEBUG    | preprocess.cad_service:cleanup_temp_directory:151 | 清理临时目录: /tmp/cad_upload_xue91b0l
2026-02-12 03:22:57 | INFO     | main:upload_and_process_cad:634 | CAD processing finished: success=1/1
2026-02-12 03:22:57 | INFO     | main:add_process_time_header:89 | request completed: POST http://127.0.0.1:8008/upload-and-process status=200 time=34.3114s
2026-02-12 03:22:57 | INFO     | main:add_process_time_header:85 | request started: POST http://127.0.0.1:8008/upload-and-process
2026-02-12 03:22:57 | INFO     | main:upload_and_process_cad:580 | upload request received: file_count=1
2026-02-12 03:22:57 | INFO     | main:upload_and_process_cad:600 | read file: output_20260212_031129_985.png, size=148866 bytes
2026-02-12 03:22:57 | INFO     | main:upload_and_process_cad:612 | using custom CAD parameters
2026-02-12 03:22:57 | INFO     | preprocess.cad_service:process_uploaded_files:164 | 开始处理上传的文件，共 1 个文件
2026-02-12 03:22:57 | DEBUG    | preprocess.cad_service:save_uploaded_files:134 | 保存上传文件: /tmp/cad_upload_dk9myicx/output_20260212_031129_985.png
2026-02-12 03:22:57 | DEBUG    | preprocess.cad_service:process_uploaded_files:186 | 使用CAD参数: {'Xmin': 18231.6485810557, 'Ymin': 24612.0565662624, 'Xmax': 43352.8985810557, 'Ymax': 69272.0565662624}
2026-02-12 03:22:57 | INFO     | preprocess.cad_service:process_uploaded_files:189 | 开始批量处理上传的图像...
2026-02-12 03:23:31 | INFO     | preprocess.cad_service:process_uploaded_files:202 | 批量处理完成: 1/1 个图像成功
2026-02-12 03:23:31 | INFO     | preprocess.cad_service:process_uploaded_files:220 | CAD处理成功: 提取了 18 个房间的坐标
2026-02-12 03:23:31 | DEBUG    | preprocess.cad_service:cleanup_temp_directory:151 | 清理临时目录: /tmp/cad_upload_dk9myicx
2026-02-12 03:23:31 | INFO     | main:upload_and_process_cad:634 | CAD processing finished: success=1/1
2026-02-12 03:23:31 | INFO     | main:add_process_time_header:89 | request completed: POST http://127.0.0.1:8008/upload-and-process status=200 time=34.2339s
2026-02-12 03:39:39 | INFO     | main:add_process_time_header:85 | request started: POST http://127.0.0.1:8008/upload-and-process
2026-02-12 03:39:39 | INFO     | main:upload_and_process_cad:580 | upload request received: file_count=1
2026-02-12 03:39:39 | INFO     | main:upload_and_process_cad:600 | read file: output_20260212_033842_200.png, size=148866 bytes
2026-02-12 03:39:39 | INFO     | main:upload_and_process_cad:612 | using custom CAD parameters
2026-02-12 03:39:39 | INFO     | preprocess.cad_service:process_uploaded_files:164 | 开始处理上传的文件，共 1 个文件
2026-02-12 03:39:39 | DEBUG    | preprocess.cad_service:save_uploaded_files:134 | 保存上传文件: /tmp/cad_upload_hp1b7vkd/output_20260212_033842_200.png
2026-02-12 03:39:39 | DEBUG    | preprocess.cad_service:process_uploaded_files:186 | 使用CAD参数: {'Xmin': 18231.6485810557, 'Ymin': 24612.0565662624, 'Xmax': 43352.8985810557, 'Ymax': 69272.0565662624}
2026-02-12 03:39:39 | INFO     | preprocess.cad_service:process_uploaded_files:189 | 开始批量处理上传的图像...
2026-02-12 03:40:13 | INFO     | preprocess.cad_service:process_uploaded_files:202 | 批量处理完成: 1/1 个图像成功
2026-02-12 03:40:13 | INFO     | preprocess.cad_service:process_uploaded_files:220 | CAD处理成功: 提取了 18 个房间的坐标
2026-02-12 03:40:13 | DEBUG    | preprocess.cad_service:cleanup_temp_directory:151 | 清理临时目录: /tmp/cad_upload_hp1b7vkd
2026-02-12 03:40:13 | INFO     | main:upload_and_process_cad:634 | CAD processing finished: success=1/1
2026-02-12 03:40:13 | INFO     | main:add_process_time_header:89 | request completed: POST http://127.0.0.1:8008/upload-and-process status=200 time=34.3565s
2026-02-12 03:40:13 | INFO     | main:add_process_time_header:85 | request started: POST http://127.0.0.1:8008/upload-and-process
2026-02-12 03:40:13 | INFO     | main:upload_and_process_cad:580 | upload request received: file_count=1
2026-02-12 03:40:13 | INFO     | main:upload_and_process_cad:600 | read file: output_20260212_033842_200.png, size=148866 bytes
2026-02-12 03:40:13 | INFO     | main:upload_and_process_cad:612 | using custom CAD parameters
2026-02-12 03:40:13 | INFO     | preprocess.cad_service:process_uploaded_files:164 | 开始处理上传的文件，共 1 个文件
2026-02-12 03:40:13 | DEBUG    | preprocess.cad_service:save_uploaded_files:134 | 保存上传文件: /tmp/cad_upload_6tenng_b/output_20260212_033842_200.png
2026-02-12 03:40:13 | DEBUG    | preprocess.cad_service:process_uploaded_files:186 | 使用CAD参数: {'Xmin': 18231.6485810557, 'Ymin': 24612.0565662624, 'Xmax': 43352.8985810557, 'Ymax': 69272.0565662624}
2026-02-12 03:40:13 | INFO     | preprocess.cad_service:process_uploaded_files:189 | 开始批量处理上传的图像...
2026-02-12 03:40:47 | INFO     | preprocess.cad_service:process_uploaded_files:202 | 批量处理完成: 1/1 个图像成功
2026-02-12 03:40:47 | INFO     | preprocess.cad_service:process_uploaded_files:220 | CAD处理成功: 提取了 18 个房间的坐标
2026-02-12 03:40:47 | DEBUG    | preprocess.cad_service:cleanup_temp_directory:151 | 清理临时目录: /tmp/cad_upload_6tenng_b
2026-02-12 03:40:47 | INFO     | main:upload_and_process_cad:634 | CAD processing finished: success=1/1
2026-02-12 03:40:47 | INFO     | main:add_process_time_header:89 | request completed: POST http://127.0.0.1:8008/upload-and-process status=200 time=33.9984s
2026-02-12 13:29:22 | INFO     | preprocess.logger:setup_logging:66 | 日志系统已初始化，日志级别: INFO，日志目录: /home/chen/punchy/CAD_knowledge_service/logs
2026-02-12 13:29:38 | INFO     | main:add_process_time_header:85 | request started: POST http://127.0.0.1:8008/upload-and-process
2026-02-12 13:29:38 | INFO     | main:upload_and_process_cad:580 | upload request received: file_count=1
2026-02-12 13:29:38 | INFO     | main:upload_and_process_cad:600 | read file: output_20260212_132840_056.png, size=148866 bytes
2026-02-12 13:29:38 | INFO     | main:upload_and_process_cad:612 | using custom CAD parameters
2026-02-12 13:29:38 | INFO     | preprocess.cad_service:process_uploaded_files:164 | 开始处理上传的文件，共 1 个文件
2026-02-12 13:29:38 | DEBUG    | preprocess.cad_service:save_uploaded_files:134 | 保存上传文件: /tmp/cad_upload_jtn4p3qt/output_20260212_132840_056.png
2026-02-12 13:29:38 | DEBUG    | preprocess.cad_service:process_uploaded_files:186 | 使用CAD参数: {'Xmin': 18231.6485810557, 'Ymin': 24612.0565662624, 'Xmax': 43352.8985810557, 'Ymax': 69272.0565662624}
2026-02-12 13:29:38 | INFO     | preprocess.cad_service:process_uploaded_files:189 | 开始批量处理上传的图像...
2026-02-12 13:30:13 | INFO     | preprocess.cad_service:process_uploaded_files:202 | 批量处理完成: 1/1 个图像成功
2026-02-12 13:30:13 | INFO     | preprocess.cad_service:process_uploaded_files:220 | CAD处理成功: 提取了 18 个房间的坐标
2026-02-12 13:30:13 | DEBUG    | preprocess.cad_service:cleanup_temp_directory:151 | 清理临时目录: /tmp/cad_upload_jtn4p3qt
2026-02-12 13:30:13 | INFO     | main:upload_and_process_cad:634 | CAD processing finished: success=1/1
2026-02-12 13:30:13 | INFO     | main:add_process_time_header:89 | request completed: POST http://127.0.0.1:8008/upload-and-process status=200 time=35.7923s
2026-02-12 13:30:13 | INFO     | main:add_process_time_header:85 | request started: POST http://127.0.0.1:8008/upload-and-process
2026-02-12 13:30:13 | INFO     | main:upload_and_process_cad:580 | upload request received: file_count=1
2026-02-12 13:30:13 | INFO     | main:upload_and_process_cad:600 | read file: output_20260212_132840_056.png, size=148866 bytes
2026-02-12 13:30:13 | INFO     | main:upload_and_process_cad:612 | using custom CAD parameters
2026-02-12 13:30:13 | INFO     | preprocess.cad_service:process_uploaded_files:164 | 开始处理上传的文件，共 1 个文件
2026-02-12 13:30:13 | DEBUG    | preprocess.cad_service:save_uploaded_files:134 | 保存上传文件: /tmp/cad_upload_4ja8kjc9/output_20260212_132840_056.png
2026-02-12 13:30:13 | DEBUG    | preprocess.cad_service:process_uploaded_files:186 | 使用CAD参数: {'Xmin': 18231.6485810557, 'Ymin': 24612.0565662624, 'Xmax': 43352.8985810557, 'Ymax': 69272.0565662624}
2026-02-12 13:30:13 | INFO     | preprocess.cad_service:process_uploaded_files:189 | 开始批量处理上传的图像...
2026-02-12 13:30:47 | INFO     | preprocess.cad_service:process_uploaded_files:202 | 批量处理完成: 1/1 个图像成功
2026-02-12 13:30:47 | INFO     | preprocess.cad_service:process_uploaded_files:220 | CAD处理成功: 提取了 18 个房间的坐标
2026-02-12 13:30:47 | DEBUG    | preprocess.cad_service:cleanup_temp_directory:151 | 清理临时目录: /tmp/cad_upload_4ja8kjc9
2026-02-12 13:30:47 | INFO     | main:upload_and_process_cad:634 | CAD processing finished: success=1/1
2026-02-12 13:30:47 | INFO     | main:add_process_time_header:89 | request completed: POST http://127.0.0.1:8008/upload-and-process status=200 time=33.7912s
2026-02-12 13:37:13 | INFO     | main:add_process_time_header:85 | request started: POST http://127.0.0.1:8008/upload-and-process
2026-02-12 13:37:13 | INFO     | main:upload_and_process_cad:580 | upload request received: file_count=1
2026-02-12 13:37:13 | INFO     | main:upload_and_process_cad:600 | read file: output_20260212_132840_056.png, size=148866 bytes
2026-02-12 13:37:13 | INFO     | main:upload_and_process_cad:612 | using custom CAD parameters
2026-02-12 13:37:13 | INFO     | preprocess.cad_service:process_uploaded_files:164 | 开始处理上传的文件，共 1 个文件
2026-02-12 13:37:13 | DEBUG    | preprocess.cad_service:save_uploaded_files:134 | 保存上传文件: /tmp/cad_upload_6i246f1y/output_20260212_132840_056.png
2026-02-12 13:37:13 | DEBUG    | preprocess.cad_service:process_uploaded_files:186 | 使用CAD参数: {'Xmin': 18231.6485810557, 'Ymin': 24612.0565662624, 'Xmax': 43352.8985810557, 'Ymax': 69272.0565662624}
2026-02-12 13:37:13 | INFO     | preprocess.cad_service:process_uploaded_files:189 | 开始批量处理上传的图像...
2026-02-12 13:37:47 | INFO     | preprocess.cad_service:process_uploaded_files:202 | 批量处理完成: 1/1 个图像成功
2026-02-12 13:37:47 | INFO     | preprocess.cad_service:process_uploaded_files:220 | CAD处理成功: 提取了 18 个房间的坐标
2026-02-12 13:37:47 | DEBUG    | preprocess.cad_service:cleanup_temp_directory:151 | 清理临时目录: /tmp/cad_upload_6i246f1y
2026-02-12 13:37:47 | INFO     | main:upload_and_process_cad:634 | CAD processing finished: success=1/1
2026-02-12 13:37:47 | INFO     | main:add_process_time_header:89 | request completed: POST http://127.0.0.1:8008/upload-and-process status=200 time=33.4232s
2026-02-12 13:37:47 | INFO     | main:add_process_time_header:85 | request started: POST http://127.0.0.1:8008/upload-and-process
2026-02-12 13:37:47 | INFO     | main:upload_and_process_cad:580 | upload request received: file_count=1
2026-02-12 13:37:47 | INFO     | main:upload_and_process_cad:600 | read file: output_20260212_132840_056.png, size=148866 bytes
2026-02-12 13:37:47 | INFO     | main:upload_and_process_cad:612 | using custom CAD parameters
2026-02-12 13:37:47 | INFO     | preprocess.cad_service:process_uploaded_files:164 | 开始处理上传的文件，共 1 个文件
2026-02-12 13:37:47 | DEBUG    | preprocess.cad_service:save_uploaded_files:134 | 保存上传文件: /tmp/cad_upload_8dc37paa/output_20260212_132840_056.png
2026-02-12 13:37:47 | DEBUG    | preprocess.cad_service:process_uploaded_files:186 | 使用CAD参数: {'Xmin': 18231.6485810557, 'Ymin': 24612.0565662624, 'Xmax': 43352.8985810557, 'Ymax': 69272.0565662624}
2026-02-12 13:37:47 | INFO     | preprocess.cad_service:process_uploaded_files:189 | 开始批量处理上传的图像...
2026-02-12 13:38:20 | INFO     | preprocess.cad_service:process_uploaded_files:202 | 批量处理完成: 1/1 个图像成功
2026-02-12 13:38:20 | INFO     | preprocess.cad_service:process_uploaded_files:220 | CAD处理成功: 提取了 18 个房间的坐标
2026-02-12 13:38:20 | DEBUG    | preprocess.cad_service:cleanup_temp_directory:151 | 清理临时目录: /tmp/cad_upload_8dc37paa
2026-02-12 13:38:20 | INFO     | main:upload_and_process_cad:634 | CAD processing finished: success=1/1
2026-02-12 13:38:20 | INFO     | main:add_process_time_header:89 | request completed: POST http://127.0.0.1:8008/upload-and-process status=200 time=33.0970s
2026-02-12 13:48:33 | INFO     | main:add_process_time_header:85 | request started: POST http://127.0.0.1:8008/upload-and-process
2026-02-12 13:48:33 | INFO     | main:upload_and_process_cad:580 | upload request received: file_count=1
2026-02-12 13:48:33 | INFO     | main:upload_and_process_cad:600 | read file: output_20260212_134610_510.png, size=148866 bytes
2026-02-12 13:48:33 | INFO     | main:upload_and_process_cad:612 | using custom CAD parameters
2026-02-12 13:48:33 | INFO     | preprocess.cad_service:process_uploaded_files:164 | 开始处理上传的文件，共 1 个文件
2026-02-12 13:48:33 | DEBUG    | preprocess.cad_service:save_uploaded_files:134 | 保存上传文件: /tmp/cad_upload_0_91e43g/output_20260212_134610_510.png
2026-02-12 13:48:33 | DEBUG    | preprocess.cad_service:process_uploaded_files:186 | 使用CAD参数: {'Xmin': 18231.6485810557, 'Ymin': 24612.0565662624, 'Xmax': 43352.8985810557, 'Ymax': 69272.0565662624}
2026-02-12 13:48:33 | INFO     | preprocess.cad_service:process_uploaded_files:189 | 开始批量处理上传的图像...
2026-02-12 13:49:06 | INFO     | preprocess.cad_service:process_uploaded_files:202 | 批量处理完成: 1/1 个图像成功
2026-02-12 13:49:06 | INFO     | preprocess.cad_service:process_uploaded_files:220 | CAD处理成功: 提取了 18 个房间的坐标
2026-02-12 13:49:06 | DEBUG    | preprocess.cad_service:cleanup_temp_directory:151 | 清理临时目录: /tmp/cad_upload_0_91e43g
2026-02-12 13:49:06 | INFO     | main:upload_and_process_cad:634 | CAD processing finished: success=1/1
2026-02-12 13:49:06 | INFO     | main:add_process_time_header:89 | request completed: POST http://127.0.0.1:8008/upload-and-process status=200 time=33.0256s
2026-02-12 13:49:06 | INFO     | main:add_process_time_header:85 | request started: POST http://127.0.0.1:8008/upload-and-process
2026-02-12 13:49:06 | INFO     | main:upload_and_process_cad:580 | upload request received: file_count=1
2026-02-12 13:49:06 | INFO     | main:upload_and_process_cad:600 | read file: output_20260212_134610_510.png, size=148866 bytes
2026-02-12 13:49:06 | INFO     | main:upload_and_process_cad:612 | using custom CAD parameters
2026-02-12 13:49:06 | INFO     | preprocess.cad_service:process_uploaded_files:164 | 开始处理上传的文件，共 1 个文件
2026-02-12 13:49:06 | DEBUG    | preprocess.cad_service:save_uploaded_files:134 | 保存上传文件: /tmp/cad_upload_c0zqmbd1/output_20260212_134610_510.png
2026-02-12 13:49:06 | DEBUG    | preprocess.cad_service:process_uploaded_files:186 | 使用CAD参数: {'Xmin': 18231.6485810557, 'Ymin': 24612.0565662624, 'Xmax': 43352.8985810557, 'Ymax': 69272.0565662624}
2026-02-12 13:49:06 | INFO     | preprocess.cad_service:process_uploaded_files:189 | 开始批量处理上传的图像...
2026-02-12 13:49:39 | INFO     | preprocess.cad_service:process_uploaded_files:202 | 批量处理完成: 1/1 个图像成功
2026-02-12 13:49:39 | INFO     | preprocess.cad_service:process_uploaded_files:220 | CAD处理成功: 提取了 18 个房间的坐标
2026-02-12 13:49:39 | DEBUG    | preprocess.cad_service:cleanup_temp_directory:151 | 清理临时目录: /tmp/cad_upload_c0zqmbd1
2026-02-12 13:49:39 | INFO     | main:upload_and_process_cad:634 | CAD processing finished: success=1/1
2026-02-12 13:49:39 | INFO     | main:add_process_time_header:89 | request completed: POST http://127.0.0.1:8008/upload-and-process status=200 time=33.1128s
2026-02-12 13:54:48 | INFO     | main:add_process_time_header:85 | request started: POST http://127.0.0.1:8008/upload-and-process
2026-02-12 13:54:48 | INFO     | main:upload_and_process_cad:580 | upload request received: file_count=1
2026-02-12 13:54:48 | INFO     | main:upload_and_process_cad:600 | read file: output_20260212_134610_510.png, size=148866 bytes
2026-02-12 13:54:48 | INFO     | main:upload_and_process_cad:612 | using custom CAD parameters
2026-02-12 13:54:48 | INFO     | preprocess.cad_service:process_uploaded_files:164 | 开始处理上传的文件，共 1 个文件
2026-02-12 13:54:48 | DEBUG    | preprocess.cad_service:save_uploaded_files:134 | 保存上传文件: /tmp/cad_upload_5einewnr/output_20260212_134610_510.png
2026-02-12 13:54:48 | DEBUG    | preprocess.cad_service:process_uploaded_files:186 | 使用CAD参数: {'Xmin': 18231.6485810557, 'Ymin': 24612.0565662624, 'Xmax': 43352.8985810557, 'Ymax': 69272.0565662624}
2026-02-12 13:54:48 | INFO     | preprocess.cad_service:process_uploaded_files:189 | 开始批量处理上传的图像...
2026-02-12 13:55:20 | INFO     | preprocess.cad_service:process_uploaded_files:202 | 批量处理完成: 1/1 个图像成功
2026-02-12 13:55:20 | INFO     | preprocess.cad_service:process_uploaded_files:220 | CAD处理成功: 提取了 18 个房间的坐标
2026-02-12 13:55:20 | DEBUG    | preprocess.cad_service:cleanup_temp_directory:151 | 清理临时目录: /tmp/cad_upload_5einewnr
2026-02-12 13:55:20 | INFO     | main:upload_and_process_cad:634 | CAD processing finished: success=1/1
2026-02-12 13:55:20 | INFO     | main:add_process_time_header:89 | request completed: POST http://127.0.0.1:8008/upload-and-process status=200 time=32.6112s
2026-02-12 13:55:20 | INFO     | main:add_process_time_header:85 | request started: POST http://127.0.0.1:8008/upload-and-process
2026-02-12 13:55:20 | INFO     | main:upload_and_process_cad:580 | upload request received: file_count=1
2026-02-12 13:55:20 | INFO     | main:upload_and_process_cad:600 | read file: output_20260212_134610_510.png, size=148866 bytes
2026-02-12 13:55:20 | INFO     | main:upload_and_process_cad:612 | using custom CAD parameters
2026-02-12 13:55:20 | INFO     | preprocess.cad_service:process_uploaded_files:164 | 开始处理上传的文件，共 1 个文件
2026-02-12 13:55:20 | DEBUG    | preprocess.cad_service:save_uploaded_files:134 | 保存上传文件: /tmp/cad_upload_gvl41k1z/output_20260212_134610_510.png
2026-02-12 13:55:20 | DEBUG    | preprocess.cad_service:process_uploaded_files:186 | 使用CAD参数: {'Xmin': 18231.6485810557, 'Ymin': 24612.0565662624, 'Xmax': 43352.8985810557, 'Ymax': 69272.0565662624}
2026-02-12 13:55:20 | INFO     | preprocess.cad_service:process_uploaded_files:189 | 开始批量处理上传的图像...
2026-02-12 13:55:54 | INFO     | preprocess.cad_service:process_uploaded_files:202 | 批量处理完成: 1/1 个图像成功
2026-02-12 13:55:54 | INFO     | preprocess.cad_service:process_uploaded_files:220 | CAD处理成功: 提取了 18 个房间的坐标
2026-02-12 13:55:54 | DEBUG    | preprocess.cad_service:cleanup_temp_directory:151 | 清理临时目录: /tmp/cad_upload_gvl41k1z
2026-02-12 13:55:54 | INFO     | main:upload_and_process_cad:634 | CAD processing finished: success=1/1
2026-02-12 13:55:54 | INFO     | main:add_process_time_header:89 | request completed: POST http://127.0.0.1:8008/upload-and-process status=200 time=33.2256s
2026-02-12 14:10:05 | INFO     | main:add_process_time_header:85 | request started: POST http://127.0.0.1:8008/upload-and-process
2026-02-12 14:10:05 | INFO     | main:upload_and_process_cad:580 | upload request received: file_count=1
2026-02-12 14:10:05 | INFO     | main:upload_and_process_cad:600 | read file: output_20260212_140552_457.png, size=148866 bytes
2026-02-12 14:10:05 | INFO     | main:upload_and_process_cad:612 | using custom CAD parameters
2026-02-12 14:10:05 | INFO     | preprocess.cad_service:process_uploaded_files:164 | 开始处理上传的文件，共 1 个文件
2026-02-12 14:10:05 | DEBUG    | preprocess.cad_service:save_uploaded_files:134 | 保存上传文件: /tmp/cad_upload_7s1l040l/output_20260212_140552_457.png
2026-02-12 14:10:05 | DEBUG    | preprocess.cad_service:process_uploaded_files:186 | 使用CAD参数: {'Xmin': 18231.6485810557, 'Ymin': 24612.0565662624, 'Xmax': 43352.8985810557, 'Ymax': 69272.0565662624}
2026-02-12 14:10:05 | INFO     | preprocess.cad_service:process_uploaded_files:189 | 开始批量处理上传的图像...
2026-02-12 14:10:38 | INFO     | preprocess.cad_service:process_uploaded_files:202 | 批量处理完成: 1/1 个图像成功
2026-02-12 14:10:38 | INFO     | preprocess.cad_service:process_uploaded_files:220 | CAD处理成功: 提取了 18 个房间的坐标
2026-02-12 14:10:38 | DEBUG    | preprocess.cad_service:cleanup_temp_directory:151 | 清理临时目录: /tmp/cad_upload_7s1l040l
2026-02-12 14:10:38 | INFO     | main:upload_and_process_cad:634 | CAD processing finished: success=1/1
2026-02-12 14:10:38 | INFO     | main:add_process_time_header:89 | request completed: POST http://127.0.0.1:8008/upload-and-process status=200 time=32.8402s
2026-02-12 14:10:38 | INFO     | main:add_process_time_header:85 | request started: POST http://127.0.0.1:8008/upload-and-process
2026-02-12 14:10:38 | INFO     | main:upload_and_process_cad:580 | upload request received: file_count=1
2026-02-12 14:10:38 | INFO     | main:upload_and_process_cad:600 | read file: output_20260212_140552_457.png, size=148866 bytes
2026-02-12 14:10:38 | INFO     | main:upload_and_process_cad:612 | using custom CAD parameters
2026-02-12 14:10:38 | INFO     | preprocess.cad_service:process_uploaded_files:164 | 开始处理上传的文件，共 1 个文件
2026-02-12 14:10:38 | DEBUG    | preprocess.cad_service:save_uploaded_files:134 | 保存上传文件: /tmp/cad_upload_lo9gcjum/output_20260212_140552_457.png
2026-02-12 14:10:38 | DEBUG    | preprocess.cad_service:process_uploaded_files:186 | 使用CAD参数: {'Xmin': 18231.6485810557, 'Ymin': 24612.0565662624, 'Xmax': 43352.8985810557, 'Ymax': 69272.0565662624}
2026-02-12 14:10:38 | INFO     | preprocess.cad_service:process_uploaded_files:189 | 开始批量处理上传的图像...
2026-02-12 14:11:11 | INFO     | preprocess.cad_service:process_uploaded_files:202 | 批量处理完成: 1/1 个图像成功
2026-02-12 14:11:11 | INFO     | preprocess.cad_service:process_uploaded_files:220 | CAD处理成功: 提取了 18 个房间的坐标
2026-02-12 14:11:11 | DEBUG    | preprocess.cad_service:cleanup_temp_directory:151 | 清理临时目录: /tmp/cad_upload_lo9gcjum
2026-02-12 14:11:11 | INFO     | main:upload_and_process_cad:634 | CAD processing finished: success=1/1
2026-02-12 14:11:11 | INFO     | main:add_process_time_header:89 | request completed: POST http://127.0.0.1:8008/upload-and-process status=200 time=32.4061s
2026-02-12 14:12:04 | INFO     | main:add_process_time_header:85 | request started: POST http://127.0.0.1:8008/upload-and-process
2026-02-12 14:12:04 | INFO     | main:upload_and_process_cad:580 | upload request received: file_count=1
2026-02-12 14:12:04 | INFO     | main:upload_and_process_cad:600 | read file: output_20260212_140552_457.png, size=148866 bytes
2026-02-12 14:12:04 | INFO     | main:upload_and_process_cad:612 | using custom CAD parameters
2026-02-12 14:12:04 | INFO     | preprocess.cad_service:process_uploaded_files:164 | 开始处理上传的文件，共 1 个文件
2026-02-12 14:12:04 | DEBUG    | preprocess.cad_service:save_uploaded_files:134 | 保存上传文件: /tmp/cad_upload_eyqbex6e/output_20260212_140552_457.png
2026-02-12 14:12:04 | DEBUG    | preprocess.cad_service:process_uploaded_files:186 | 使用CAD参数: {'Xmin': 18231.6485810557, 'Ymin': 24612.0565662624, 'Xmax': 43352.8985810557, 'Ymax': 69272.0565662624}
2026-02-12 14:12:04 | INFO     | preprocess.cad_service:process_uploaded_files:189 | 开始批量处理上传的图像...
2026-02-12 14:12:37 | INFO     | preprocess.cad_service:process_uploaded_files:202 | 批量处理完成: 1/1 个图像成功
2026-02-12 14:12:37 | INFO     | preprocess.cad_service:process_uploaded_files:220 | CAD处理成功: 提取了 18 个房间的坐标
2026-02-12 14:12:37 | DEBUG    | preprocess.cad_service:cleanup_temp_directory:151 | 清理临时目录: /tmp/cad_upload_eyqbex6e
2026-02-12 14:12:37 | INFO     | main:upload_and_process_cad:634 | CAD processing finished: success=1/1
2026-02-12 14:12:37 | INFO     | main:add_process_time_header:89 | request completed: POST http://127.0.0.1:8008/upload-and-process status=200 time=33.1227s
2026-02-12 14:12:37 | INFO     | main:add_process_time_header:85 | request started: POST http://127.0.0.1:8008/upload-and-process
2026-02-12 14:12:37 | INFO     | main:upload_and_process_cad:580 | upload request received: file_count=1
2026-02-12 14:12:37 | INFO     | main:upload_and_process_cad:600 | read file: output_20260212_140552_457.png, size=148866 bytes
2026-02-12 14:12:37 | INFO     | main:upload_and_process_cad:612 | using custom CAD parameters
2026-02-12 14:12:37 | INFO     | preprocess.cad_service:process_uploaded_files:164 | 开始处理上传的文件，共 1 个文件
2026-02-12 14:12:37 | DEBUG    | preprocess.cad_service:save_uploaded_files:134 | 保存上传文件: /tmp/cad_upload_obvyw4t6/output_20260212_140552_457.png
2026-02-12 14:12:37 | DEBUG    | preprocess.cad_service:process_uploaded_files:186 | 使用CAD参数: {'Xmin': 18231.6485810557, 'Ymin': 24612.0565662624, 'Xmax': 43352.8985810557, 'Ymax': 69272.0565662624}
2026-02-12 14:12:37 | INFO     | preprocess.cad_service:process_uploaded_files:189 | 开始批量处理上传的图像...
2026-02-12 14:13:10 | INFO     | preprocess.cad_service:process_uploaded_files:202 | 批量处理完成: 1/1 个图像成功
2026-02-12 14:13:10 | INFO     | preprocess.cad_service:process_uploaded_files:220 | CAD处理成功: 提取了 18 个房间的坐标
2026-02-12 14:13:10 | DEBUG    | preprocess.cad_service:cleanup_temp_directory:151 | 清理临时目录: /tmp/cad_upload_obvyw4t6
2026-02-12 14:13:10 | INFO     | main:upload_and_process_cad:634 | CAD processing finished: success=1/1
2026-02-12 14:13:10 | INFO     | main:add_process_time_header:89 | request completed: POST http://127.0.0.1:8008/upload-and-process status=200 time=32.3712s
2026-02-12 14:17:11 | INFO     | main:add_process_time_header:85 | request started: POST http://127.0.0.1:8008/upload-and-process
2026-02-12 14:17:11 | INFO     | main:upload_and_process_cad:580 | upload request received: file_count=1
2026-02-12 14:17:11 | INFO     | main:upload_and_process_cad:600 | read file: output_20260212_140552_457.png, size=148866 bytes
2026-02-12 14:17:11 | INFO     | main:upload_and_process_cad:612 | using custom CAD parameters
2026-02-12 14:17:11 | INFO     | preprocess.cad_service:process_uploaded_files:164 | 开始处理上传的文件，共 1 个文件
2026-02-12 14:17:11 | DEBUG    | preprocess.cad_service:save_uploaded_files:134 | 保存上传文件: /tmp/cad_upload_nuuzjyqv/output_20260212_140552_457.png
2026-02-12 14:17:11 | DEBUG    | preprocess.cad_service:process_uploaded_files:186 | 使用CAD参数: {'Xmin': 18231.6485810557, 'Ymin': 24612.0565662624, 'Xmax': 43352.8985810557, 'Ymax': 69272.0565662624}
2026-02-12 14:17:11 | INFO     | preprocess.cad_service:process_uploaded_files:189 | 开始批量处理上传的图像...
2026-02-12 14:17:44 | INFO     | preprocess.cad_service:process_uploaded_files:202 | 批量处理完成: 1/1 个图像成功
2026-02-12 14:17:44 | INFO     | preprocess.cad_service:process_uploaded_files:220 | CAD处理成功: 提取了 18 个房间的坐标
2026-02-12 14:17:44 | DEBUG    | preprocess.cad_service:cleanup_temp_directory:151 | 清理临时目录: /tmp/cad_upload_nuuzjyqv
2026-02-12 14:17:44 | INFO     | main:upload_and_process_cad:634 | CAD processing finished: success=1/1
2026-02-12 14:17:44 | INFO     | main:add_process_time_header:89 | request completed: POST http://127.0.0.1:8008/upload-and-process status=200 time=32.4963s
2026-02-12 14:17:44 | INFO     | main:add_process_time_header:85 | request started: POST http://127.0.0.1:8008/upload-and-process
2026-02-12 14:17:44 | INFO     | main:upload_and_process_cad:580 | upload request received: file_count=1
2026-02-12 14:17:44 | INFO     | main:upload_and_process_cad:600 | read file: output_20260212_140552_457.png, size=148866 bytes
2026-02-12 14:17:44 | INFO     | main:upload_and_process_cad:612 | using custom CAD parameters
2026-02-12 14:17:44 | INFO     | preprocess.cad_service:process_uploaded_files:164 | 开始处理上传的文件，共 1 个文件
2026-02-12 14:17:44 | DEBUG    | preprocess.cad_service:save_uploaded_files:134 | 保存上传文件: /tmp/cad_upload_m2xqedyz/output_20260212_140552_457.png
2026-02-12 14:17:44 | DEBUG    | preprocess.cad_service:process_uploaded_files:186 | 使用CAD参数: {'Xmin': 18231.6485810557, 'Ymin': 24612.0565662624, 'Xmax': 43352.8985810557, 'Ymax': 69272.0565662624}
2026-02-12 14:17:44 | INFO     | preprocess.cad_service:process_uploaded_files:189 | 开始批量处理上传的图像...
2026-02-12 14:18:16 | INFO     | preprocess.cad_service:process_uploaded_files:202 | 批量处理完成: 1/1 个图像成功
2026-02-12 14:18:16 | INFO     | preprocess.cad_service:process_uploaded_files:220 | CAD处理成功: 提取了 18 个房间的坐标
2026-02-12 14:18:16 | DEBUG    | preprocess.cad_service:cleanup_temp_directory:151 | 清理临时目录: /tmp/cad_upload_m2xqedyz
2026-02-12 14:18:16 | INFO     | main:upload_and_process_cad:634 | CAD processing finished: success=1/1
2026-02-12 14:18:16 | INFO     | main:add_process_time_header:89 | request completed: POST http://127.0.0.1:8008/upload-and-process status=200 time=32.4442s
2026-02-12 14:27:29 | INFO     | main:add_process_time_header:85 | request started: POST http://127.0.0.1:8008/upload-and-process
2026-02-12 14:27:29 | INFO     | main:upload_and_process_cad:580 | upload request received: file_count=1
2026-02-12 14:27:29 | INFO     | main:upload_and_process_cad:600 | read file: output_20260212_142623_192.png, size=148866 bytes
2026-02-12 14:27:29 | INFO     | main:upload_and_process_cad:612 | using custom CAD parameters
2026-02-12 14:27:29 | INFO     | preprocess.cad_service:process_uploaded_files:164 | 开始处理上传的文件，共 1 个文件
2026-02-12 14:27:29 | DEBUG    | preprocess.cad_service:save_uploaded_files:134 | 保存上传文件: /tmp/cad_upload_7_8_76ft/output_20260212_142623_192.png
2026-02-12 14:27:29 | DEBUG    | preprocess.cad_service:process_uploaded_files:186 | 使用CAD参数: {'Xmin': 18231.6485810557, 'Ymin': 24612.0565662624, 'Xmax': 43352.8985810557, 'Ymax': 69272.0565662624}
2026-02-12 14:27:29 | INFO     | preprocess.cad_service:process_uploaded_files:189 | 开始批量处理上传的图像...
2026-02-12 14:28:02 | INFO     | preprocess.cad_service:process_uploaded_files:202 | 批量处理完成: 1/1 个图像成功
2026-02-12 14:28:02 | INFO     | preprocess.cad_service:process_uploaded_files:220 | CAD处理成功: 提取了 18 个房间的坐标
2026-02-12 14:28:02 | DEBUG    | preprocess.cad_service:cleanup_temp_directory:151 | 清理临时目录: /tmp/cad_upload_7_8_76ft
2026-02-12 14:28:02 | INFO     | main:upload_and_process_cad:634 | CAD processing finished: success=1/1
2026-02-12 14:28:02 | INFO     | main:add_process_time_header:89 | request completed: POST http://127.0.0.1:8008/upload-and-process status=200 time=33.0619s
2026-02-12 14:28:02 | INFO     | main:add_process_time_header:85 | request started: POST http://127.0.0.1:8008/upload-and-process
2026-02-12 14:28:02 | INFO     | main:upload_and_process_cad:580 | upload request received: file_count=1
2026-02-12 14:28:02 | INFO     | main:upload_and_process_cad:600 | read file: output_20260212_142623_192.png, size=148866 bytes
2026-02-12 14:28:02 | INFO     | main:upload_and_process_cad:612 | using custom CAD parameters
2026-02-12 14:28:02 | INFO     | preprocess.cad_service:process_uploaded_files:164 | 开始处理上传的文件，共 1 个文件
2026-02-12 14:28:02 | DEBUG    | preprocess.cad_service:save_uploaded_files:134 | 保存上传文件: /tmp/cad_upload_yzxxotn7/output_20260212_142623_192.png
2026-02-12 14:28:02 | DEBUG    | preprocess.cad_service:process_uploaded_files:186 | 使用CAD参数: {'Xmin': 18231.6485810557, 'Ymin': 24612.0565662624, 'Xmax': 43352.8985810557, 'Ymax': 69272.0565662624}
2026-02-12 14:28:02 | INFO     | preprocess.cad_service:process_uploaded_files:189 | 开始批量处理上传的图像...
2026-02-12 14:28:35 | INFO     | preprocess.cad_service:process_uploaded_files:202 | 批量处理完成: 1/1 个图像成功
2026-02-12 14:28:35 | INFO     | preprocess.cad_service:process_uploaded_files:220 | CAD处理成功: 提取了 18 个房间的坐标
2026-02-12 14:28:35 | DEBUG    | preprocess.cad_service:cleanup_temp_directory:151 | 清理临时目录: /tmp/cad_upload_yzxxotn7
2026-02-12 14:28:35 | INFO     | main:upload_and_process_cad:634 | CAD processing finished: success=1/1
2026-02-12 14:28:35 | INFO     | main:add_process_time_header:89 | request completed: POST http://127.0.0.1:8008/upload-and-process status=200 time=32.4532s
2026-02-12 14:30:39 | INFO     | preprocess.logger:setup_logging:66 | 日志系统已初始化，日志级别: INFO，日志目录: /home/chen/punchy/CAD_knowledge_service/logs
2026-02-12 15:00:51 | INFO     | main:add_process_time_header:135 | request started: POST http://127.0.0.1:8008/upload-and-process
2026-02-12 15:00:51 | INFO     | main:upload_and_process_cad:630 | upload request received: file_count=1
2026-02-12 15:00:51 | INFO     | main:upload_and_process_cad:650 | read file: output_20260212_145819_233.png, size=148866 bytes
2026-02-12 15:00:51 | INFO     | main:upload_and_process_cad:662 | using custom CAD parameters
2026-02-12 15:00:51 | INFO     | preprocess.cad_service:process_uploaded_files:164 | 开始处理上传的文件，共 1 个文件
2026-02-12 15:00:51 | DEBUG    | preprocess.cad_service:save_uploaded_files:134 | 保存上传文件: /tmp/cad_upload_68zt7qo1/output_20260212_145819_233.png
2026-02-12 15:00:51 | DEBUG    | preprocess.cad_service:process_uploaded_files:186 | 使用CAD参数: {'Xmin': 18231.6485810557, 'Ymin': 24612.0565662624, 'Xmax': 43352.8985810557, 'Ymax': 69272.0565662624}
2026-02-12 15:00:51 | INFO     | preprocess.cad_service:process_uploaded_files:189 | 开始批量处理上传的图像...
2026-02-12 15:03:38 | INFO     | preprocess.cad_service:process_uploaded_files:202 | 批量处理完成: 1/1 个图像成功
2026-02-12 15:04:28 | INFO     | preprocess.cad_service:process_uploaded_files:220 | CAD处理成功: 提取了 18 个房间的坐标
2026-02-12 15:04:47 | DEBUG    | preprocess.cad_service:cleanup_temp_directory:151 | 清理临时目录: /tmp/cad_upload_68zt7qo1
2026-02-12 15:05:02 | INFO     | main:upload_and_process_cad:693 | CAD processing finished: success=1/1
2026-02-12 15:05:23 | INFO     | main:add_process_time_header:139 | request completed: POST http://127.0.0.1:8008/upload-and-process status=200 time=264.9296s
2026-02-12 15:05:30 | INFO     | main:add_process_time_header:135 | request started: POST http://127.0.0.1:8008/upload-and-process
2026-02-12 15:05:33 | INFO     | main:upload_and_process_cad:630 | upload request received: file_count=1
2026-02-12 15:05:33 | INFO     | main:upload_and_process_cad:650 | read file: output_20260212_145819_233.png, size=148866 bytes
2026-02-12 15:05:33 | INFO     | main:upload_and_process_cad:662 | using custom CAD parameters
2026-02-12 15:05:33 | INFO     | main:upload_and_process_cad:686 | CAD result cache hit within 60s: reuse previous response
2026-02-12 15:05:46 | INFO     | main:add_process_time_header:139 | request completed: POST http://127.0.0.1:8008/upload-and-process status=200 time=8.2768s
2026-02-12 15:06:33 | INFO     | main:add_process_time_header:135 | request started: POST http://127.0.0.1:8008/upload-and-process
2026-02-12 15:06:34 | INFO     | main:add_process_time_header:135 | request started: POST http://127.0.0.1:8008/upload-and-process
2026-02-12 15:06:34 | INFO     | main:upload_and_process_cad:630 | upload request received: file_count=1
2026-02-12 15:06:34 | INFO     | main:upload_and_process_cad:650 | read file: output_20260212_145819_233.png, size=148866 bytes
2026-02-12 15:06:34 | INFO     | main:upload_and_process_cad:662 | using custom CAD parameters
2026-02-12 15:06:34 | INFO     | preprocess.cad_service:process_uploaded_files:164 | 开始处理上传的文件，共 1 个文件
2026-02-12 15:06:34 | DEBUG    | preprocess.cad_service:save_uploaded_files:134 | 保存上传文件: /tmp/cad_upload_7q2lnm0w/output_20260212_145819_233.png
2026-02-12 15:06:34 | DEBUG    | preprocess.cad_service:process_uploaded_files:186 | 使用CAD参数: {'Xmin': 18231.6485810557, 'Ymin': 24612.0565662624, 'Xmax': 43352.8985810557, 'Ymax': 69272.0565662624}
2026-02-12 15:06:34 | INFO     | preprocess.cad_service:process_uploaded_files:189 | 开始批量处理上传的图像...
2026-02-12 15:08:02 | INFO     | preprocess.cad_service:process_uploaded_files:202 | 批量处理完成: 1/1 个图像成功
2026-02-12 15:08:10 | INFO     | preprocess.cad_service:process_uploaded_files:220 | CAD处理成功: 提取了 18 个房间的坐标
2026-02-12 15:08:13 | DEBUG    | preprocess.cad_service:cleanup_temp_directory:151 | 清理临时目录: /tmp/cad_upload_7q2lnm0w
2026-02-12 15:08:22 | INFO     | main:upload_and_process_cad:693 | CAD processing finished: success=1/1
2026-02-12 15:08:47 | INFO     | main:add_process_time_header:139 | request completed: POST http://127.0.0.1:8008/upload-and-process status=200 time=130.0787s
2026-02-12 15:08:55 | INFO     | main:upload_and_process_cad:630 | upload request received: file_count=1
2026-02-12 15:09:02 | INFO     | main:upload_and_process_cad:650 | read file: output_20260212_145819_233.png, size=148866 bytes
2026-02-12 15:09:07 | INFO     | main:upload_and_process_cad:662 | using custom CAD parameters
2026-02-12 15:09:09 | INFO     | main:upload_and_process_cad:686 | CAD result cache hit within 60s: reuse previous response
2026-02-12 15:09:16 | INFO     | main:add_process_time_header:139 | request completed: POST http://127.0.0.1:8008/upload-and-process status=200 time=159.3947s
2026-02-12 15:09:46 | INFO     | preprocess.logger:setup_logging:66 | 日志系统已初始化，日志级别: INFO，日志目录: /home/chen/punchy/CAD_knowledge_service/logs
2026-02-12 15:11:19 | INFO     | main:add_process_time_header:135 | request started: POST http://127.0.0.1:8008/upload-and-process
2026-02-12 15:11:19 | INFO     | main:upload_and_process_cad:630 | upload request received: file_count=1
2026-02-12 15:11:19 | INFO     | main:upload_and_process_cad:650 | read file: output_20260212_145819_233.png, size=148866 bytes
2026-02-12 15:11:19 | INFO     | main:upload_and_process_cad:662 | using custom CAD parameters
2026-02-12 15:11:19 | INFO     | preprocess.cad_service:process_uploaded_files:164 | 开始处理上传的文件，共 1 个文件
2026-02-12 15:11:19 | DEBUG    | preprocess.cad_service:save_uploaded_files:134 | 保存上传文件: /tmp/cad_upload_kib5b8ao/output_20260212_145819_233.png
2026-02-12 15:11:19 | DEBUG    | preprocess.cad_service:process_uploaded_files:186 | 使用CAD参数: {'Xmin': 18231.6485810557, 'Ymin': 24612.0565662624, 'Xmax': 43352.8985810557, 'Ymax': 69272.0565662624}
2026-02-12 15:11:19 | INFO     | preprocess.cad_service:process_uploaded_files:189 | 开始批量处理上传的图像...
2026-02-12 15:11:54 | INFO     | preprocess.cad_service:process_uploaded_files:202 | 批量处理完成: 1/1 个图像成功
2026-02-12 15:11:54 | INFO     | preprocess.cad_service:process_uploaded_files:220 | CAD处理成功: 提取了 18 个房间的坐标
2026-02-12 15:11:54 | DEBUG    | preprocess.cad_service:cleanup_temp_directory:151 | 清理临时目录: /tmp/cad_upload_kib5b8ao
2026-02-12 15:11:54 | INFO     | main:upload_and_process_cad:693 | CAD processing finished: success=1/1
2026-02-12 15:11:54 | INFO     | main:add_process_time_header:139 | request completed: POST http://127.0.0.1:8008/upload-and-process status=200 time=35.6173s
2026-02-12 15:11:54 | INFO     | main:add_process_time_header:135 | request started: POST http://127.0.0.1:8008/upload-and-process
2026-02-12 15:11:54 | INFO     | main:upload_and_process_cad:630 | upload request received: file_count=1
2026-02-12 15:11:54 | INFO     | main:upload_and_process_cad:650 | read file: output_20260212_145819_233.png, size=148866 bytes
2026-02-12 15:11:54 | INFO     | main:upload_and_process_cad:662 | using custom CAD parameters
2026-02-12 15:11:54 | INFO     | main:upload_and_process_cad:686 | CAD result cache hit within 60s: reuse previous response
2026-02-12 15:11:54 | INFO     | main:add_process_time_header:139 | request completed: POST http://127.0.0.1:8008/upload-and-process status=200 time=0.0033s
2026-02-12 15:16:46 | INFO     | main:add_process_time_header:135 | request started: POST http://127.0.0.1:8008/upload-and-process
2026-02-12 15:16:46 | INFO     | main:upload_and_process_cad:630 | upload request received: file_count=1
2026-02-12 15:16:46 | INFO     | main:upload_and_process_cad:650 | read file: output_20260212_145819_233.png, size=148866 bytes
2026-02-12 15:16:46 | INFO     | main:upload_and_process_cad:662 | using custom CAD parameters
2026-02-12 15:16:46 | INFO     | preprocess.cad_service:process_uploaded_files:164 | 开始处理上传的文件，共 1 个文件
2026-02-12 15:16:46 | DEBUG    | preprocess.cad_service:save_uploaded_files:134 | 保存上传文件: /tmp/cad_upload_89c4symx/output_20260212_145819_233.png
2026-02-12 15:16:46 | DEBUG    | preprocess.cad_service:process_uploaded_files:186 | 使用CAD参数: {'Xmin': 18231.6485810557, 'Ymin': 24612.0565662624, 'Xmax': 43352.8985810557, 'Ymax': 69272.0565662624}
2026-02-12 15:16:46 | INFO     | preprocess.cad_service:process_uploaded_files:189 | 开始批量处理上传的图像...
2026-02-12 15:17:19 | INFO     | preprocess.cad_service:process_uploaded_files:202 | 批量处理完成: 1/1 个图像成功
2026-02-12 15:17:19 | INFO     | preprocess.cad_service:process_uploaded_files:220 | CAD处理成功: 提取了 18 个房间的坐标
2026-02-12 15:17:19 | DEBUG    | preprocess.cad_service:cleanup_temp_directory:151 | 清理临时目录: /tmp/cad_upload_89c4symx
2026-02-12 15:17:19 | INFO     | main:upload_and_process_cad:693 | CAD processing finished: success=1/1
2026-02-12 15:17:19 | INFO     | main:add_process_time_header:139 | request completed: POST http://127.0.0.1:8008/upload-and-process status=200 time=33.3275s
2026-02-12 15:17:19 | INFO     | main:add_process_time_header:135 | request started: POST http://127.0.0.1:8008/upload-and-process
2026-02-12 15:17:19 | INFO     | main:upload_and_process_cad:630 | upload request received: file_count=1
2026-02-12 15:17:19 | INFO     | main:upload_and_process_cad:650 | read file: output_20260212_145819_233.png, size=148866 bytes
2026-02-12 15:17:19 | INFO     | main:upload_and_process_cad:662 | using custom CAD parameters
2026-02-12 15:17:19 | INFO     | main:upload_and_process_cad:686 | CAD result cache hit within 60s: reuse previous response
2026-02-12 15:17:19 | INFO     | main:add_process_time_header:139 | request completed: POST http://127.0.0.1:8008/upload-and-process status=200 time=0.0026s
2026-02-12 15:19:13 | INFO     | main:add_process_time_header:135 | request started: POST http://127.0.0.1:8008/upload-and-process
2026-02-12 15:19:13 | INFO     | main:upload_and_process_cad:630 | upload request received: file_count=1
2026-02-12 15:19:13 | INFO     | main:upload_and_process_cad:650 | read file: output_20260212_151807_820.png, size=148866 bytes
2026-02-12 15:19:13 | INFO     | main:upload_and_process_cad:662 | using custom CAD parameters
2026-02-12 15:19:13 | INFO     | preprocess.cad_service:process_uploaded_files:164 | 开始处理上传的文件，共 1 个文件
2026-02-12 15:19:13 | DEBUG    | preprocess.cad_service:save_uploaded_files:134 | 保存上传文件: /tmp/cad_upload_6shhea1w/output_20260212_151807_820.png
2026-02-12 15:19:13 | DEBUG    | preprocess.cad_service:process_uploaded_files:186 | 使用CAD参数: {'Xmin': 18231.6485810557, 'Ymin': 24612.0565662624, 'Xmax': 43352.8985810557, 'Ymax': 69272.0565662624}
2026-02-12 15:19:13 | INFO     | preprocess.cad_service:process_uploaded_files:189 | 开始批量处理上传的图像...
2026-02-12 15:19:46 | INFO     | preprocess.cad_service:process_uploaded_files:202 | 批量处理完成: 1/1 个图像成功
2026-02-12 15:19:46 | INFO     | preprocess.cad_service:process_uploaded_files:220 | CAD处理成功: 提取了 18 个房间的坐标
2026-02-12 15:19:46 | DEBUG    | preprocess.cad_service:cleanup_temp_directory:151 | 清理临时目录: /tmp/cad_upload_6shhea1w
2026-02-12 15:19:46 | INFO     | main:upload_and_process_cad:693 | CAD processing finished: success=1/1
2026-02-12 15:19:46 | INFO     | main:add_process_time_header:139 | request completed: POST http://127.0.0.1:8008/upload-and-process status=200 time=33.6265s
2026-02-12 15:21:58 | INFO     | main:add_process_time_header:135 | request started: POST http://127.0.0.1:8008/upload-and-process
2026-02-12 15:21:58 | INFO     | main:upload_and_process_cad:630 | upload request received: file_count=1
2026-02-12 15:21:58 | INFO     | main:upload_and_process_cad:650 | read file: output_20260212_152055_430.png, size=128087 bytes
2026-02-12 15:21:58 | INFO     | main:upload_and_process_cad:662 | using custom CAD parameters
2026-02-12 15:21:58 | INFO     | preprocess.cad_service:process_uploaded_files:164 | 开始处理上传的文件，共 1 个文件
2026-02-12 15:21:58 | DEBUG    | preprocess.cad_service:save_uploaded_files:134 | 保存上传文件: /tmp/cad_upload_uuz0vxmy/output_20260212_152055_430.png
2026-02-12 15:21:58 | DEBUG    | preprocess.cad_service:process_uploaded_files:186 | 使用CAD参数: {'Xmin': 19046.995803278, 'Ymin': 24612.0565662624, 'Xmax': 42117.5513588335, 'Ymax': 37292.0565662624}
2026-02-12 15:21:58 | INFO     | preprocess.cad_service:process_uploaded_files:189 | 开始批量处理上传的图像...
2026-02-12 15:22:12 | INFO     | preprocess.cad_service:process_uploaded_files:202 | 批量处理完成: 1/1 个图像成功
2026-02-12 15:22:12 | INFO     | preprocess.cad_service:process_uploaded_files:220 | CAD处理成功: 提取了 4 个房间的坐标
2026-02-12 15:22:12 | DEBUG    | preprocess.cad_service:cleanup_temp_directory:151 | 清理临时目录: /tmp/cad_upload_uuz0vxmy
2026-02-12 15:22:12 | INFO     | main:upload_and_process_cad:693 | CAD processing finished: success=1/1
2026-02-12 15:22:12 | INFO     | main:add_process_time_header:139 | request completed: POST http://127.0.0.1:8008/upload-and-process status=200 time=14.8132s
2026-02-12 15:24:05 | INFO     | main:add_process_time_header:135 | request started: POST http://127.0.0.1:8008/upload-and-process
2026-02-12 15:24:06 | INFO     | main:upload_and_process_cad:630 | upload request received: file_count=1
2026-02-12 15:24:06 | INFO     | main:upload_and_process_cad:650 | read file: output_20260212_152329_841.png, size=148271 bytes
2026-02-12 15:24:06 | INFO     | main:upload_and_process_cad:662 | using custom CAD parameters
2026-02-12 15:24:06 | INFO     | preprocess.cad_service:process_uploaded_files:164 | 开始处理上传的文件，共 1 个文件
2026-02-12 15:24:06 | DEBUG    | preprocess.cad_service:save_uploaded_files:134 | 保存上传文件: /tmp/cad_upload_9319rnv7/output_20260212_152329_841.png
2026-02-12 15:24:06 | DEBUG    | preprocess.cad_service:process_uploaded_files:186 | 使用CAD参数: {'Xmin': 18074.522342995, 'Ymin': 23484.7202410786, 'Xmax': 44056.5494970012, 'Ymax': 69674.9907370897}
2026-02-12 15:24:06 | INFO     | preprocess.cad_service:process_uploaded_files:189 | 开始批量处理上传的图像...
2026-02-12 15:24:37 | INFO     | preprocess.cad_service:process_uploaded_files:202 | 批量处理完成: 1/1 个图像成功
2026-02-12 15:24:37 | INFO     | preprocess.cad_service:process_uploaded_files:220 | CAD处理成功: 提取了 18 个房间的坐标
2026-02-12 15:24:37 | DEBUG    | preprocess.cad_service:cleanup_temp_directory:151 | 清理临时目录: /tmp/cad_upload_9319rnv7
2026-02-12 15:24:37 | INFO     | main:upload_and_process_cad:693 | CAD processing finished: success=1/1
2026-02-12 15:24:37 | INFO     | main:add_process_time_header:139 | request completed: POST http://127.0.0.1:8008/upload-and-process status=200 time=31.5261s
2026-02-12 15:26:00 | INFO     | main:add_process_time_header:135 | request started: POST http://127.0.0.1:8008/upload-and-process
2026-02-12 15:26:00 | INFO     | main:upload_and_process_cad:630 | upload request received: file_count=1
2026-02-12 15:26:00 | INFO     | main:upload_and_process_cad:650 | read file: output_20260212_152512_320.png, size=131019 bytes
2026-02-12 15:26:00 | INFO     | main:upload_and_process_cad:662 | using custom CAD parameters
2026-02-12 15:26:00 | INFO     | preprocess.cad_service:process_uploaded_files:164 | 开始处理上传的文件，共 1 个文件
2026-02-12 15:26:00 | DEBUG    | preprocess.cad_service:save_uploaded_files:134 | 保存上传文件: /tmp/cad_upload_m7b6u6gn/output_20260212_152512_320.png
2026-02-12 15:26:00 | DEBUG    | preprocess.cad_service:process_uploaded_files:186 | 使用CAD参数: {'Xmin': 16138.0353663378, 'Ymin': 23829.2401301489, 'Xmax': 45153.7614578155, 'Ymax': 39776.8147758465}
2026-02-12 15:26:00 | INFO     | preprocess.cad_service:process_uploaded_files:189 | 开始批量处理上传的图像...
2026-02-12 15:26:13 | INFO     | preprocess.cad_service:process_uploaded_files:202 | 批量处理完成: 1/1 个图像成功
2026-02-12 15:26:13 | INFO     | preprocess.cad_service:process_uploaded_files:220 | CAD处理成功: 提取了 7 个房间的坐标
2026-02-12 15:26:13 | DEBUG    | preprocess.cad_service:cleanup_temp_directory:151 | 清理临时目录: /tmp/cad_upload_m7b6u6gn
2026-02-12 15:26:13 | INFO     | main:upload_and_process_cad:693 | CAD processing finished: success=1/1
2026-02-12 15:26:13 | INFO     | main:add_process_time_header:139 | request completed: POST http://127.0.0.1:8008/upload-and-process status=200 time=13.4490s
2026-02-12 15:28:11 | INFO     | main:add_process_time_header:135 | request started: POST http://127.0.0.1:8008/upload-and-process
2026-02-12 15:28:11 | INFO     | main:upload_and_process_cad:630 | upload request received: file_count=1
2026-02-12 15:28:11 | INFO     | main:upload_and_process_cad:650 | read file: output_20260212_152512_320.png, size=131019 bytes
2026-02-12 15:28:11 | INFO     | main:upload_and_process_cad:662 | using custom CAD parameters
2026-02-12 15:28:11 | INFO     | preprocess.cad_service:process_uploaded_files:164 | 开始处理上传的文件，共 1 个文件
2026-02-12 15:28:11 | DEBUG    | preprocess.cad_service:save_uploaded_files:134 | 保存上传文件: /tmp/cad_upload_gvfomq08/output_20260212_152512_320.png
2026-02-12 15:28:11 | DEBUG    | preprocess.cad_service:process_uploaded_files:186 | 使用CAD参数: {'Xmin': 17620.0661949508, 'Ymin': 21570.8959344881, 'Xmax': 45476.6934787252, 'Ymax': 71093.7888834205}
2026-02-12 15:28:11 | INFO     | preprocess.cad_service:process_uploaded_files:189 | 开始批量处理上传的图像...
2026-02-12 15:28:24 | INFO     | preprocess.cad_service:process_uploaded_files:202 | 批量处理完成: 1/1 个图像成功
2026-02-12 15:28:24 | INFO     | preprocess.cad_service:process_uploaded_files:220 | CAD处理成功: 提取了 7 个房间的坐标
2026-02-12 15:28:24 | DEBUG    | preprocess.cad_service:cleanup_temp_directory:151 | 清理临时目录: /tmp/cad_upload_gvfomq08
2026-02-12 15:28:24 | INFO     | main:upload_and_process_cad:693 | CAD processing finished: success=1/1
2026-02-12 15:28:24 | INFO     | main:add_process_time_header:139 | request completed: POST http://127.0.0.1:8008/upload-and-process status=200 time=13.8459s
2026-02-12 15:28:49 | INFO     | main:add_process_time_header:135 | request started: POST http://127.0.0.1:8008/upload-and-process
2026-02-12 15:28:49 | INFO     | main:upload_and_process_cad:630 | upload request received: file_count=1
2026-02-12 15:28:49 | INFO     | main:upload_and_process_cad:650 | read file: output_20260212_152746_774.png, size=146491 bytes
2026-02-12 15:28:49 | INFO     | main:upload_and_process_cad:662 | using custom CAD parameters
2026-02-12 15:28:49 | INFO     | preprocess.cad_service:process_uploaded_files:164 | 开始处理上传的文件，共 1 个文件
2026-02-12 15:28:49 | DEBUG    | preprocess.cad_service:save_uploaded_files:134 | 保存上传文件: /tmp/cad_upload_3j_jbyrq/output_20260212_152746_774.png
2026-02-12 15:28:49 | DEBUG    | preprocess.cad_service:process_uploaded_files:186 | 使用CAD参数: {'Xmin': 17620.0661949508, 'Ymin': 21570.8959344881, 'Xmax': 45476.6934787252, 'Ymax': 71093.7888834205}
2026-02-12 15:28:49 | INFO     | preprocess.cad_service:process_uploaded_files:189 | 开始批量处理上传的图像...
2026-02-12 15:29:19 | INFO     | preprocess.cad_service:process_uploaded_files:202 | 批量处理完成: 1/1 个图像成功
2026-02-12 15:29:19 | INFO     | preprocess.cad_service:process_uploaded_files:220 | CAD处理成功: 提取了 18 个房间的坐标
2026-02-12 15:29:19 | DEBUG    | preprocess.cad_service:cleanup_temp_directory:151 | 清理临时目录: /tmp/cad_upload_3j_jbyrq
2026-02-12 15:29:19 | INFO     | main:upload_and_process_cad:693 | CAD processing finished: success=1/1
2026-02-12 15:29:19 | INFO     | main:add_process_time_header:139 | request completed: POST http://127.0.0.1:8008/upload-and-process status=200 time=29.7555s
